<?xml version="1.0" encoding="UTF-8"?>
<!-- Generated by org.testng.reporters.JUnitXMLReporter -->
<testsuite ignored="0" hostname="LAPTOP-GG5LC0BQ" failures="1" tests="4" name="StringConcatenationTestCases" time="0.187" errors="0" timestamp="2021-04-21T12:20:50 IST">
  <testcase classname="QualityKioskTraining.StringTesting.TestCase" name="concatNullString" time="0.013">
    <failure type="java.lang.AssertionError" message="expected [Not a String value] but found [null null]">
      <![CDATA[java.lang.AssertionError: expected [Not a String value] but found [null null]
at QualityKioskTraining.StringTesting.TestCase.concatNullString(TestCase.java:59)
at java.base/java.util.ArrayList.forEach(ArrayList.java:1511)
... Removed 37 stack frames]]>
    </failure>
  </testcase> <!-- concatNullString -->
  <testcase classname="QualityKioskTraining.StringTesting.TestCase" name="concatWithString" time="0.001"/>
  <testcase classname="QualityKioskTraining.StringTesting.TestCase" name="concatWithString" time="0.001"/>
  <testcase classname="QualityKioskTraining.StringTesting.TestCase" name="concatNumbers" time="0.004"/>
</testsuite> <!-- StringConcatenationTestCases -->
