<?xml version="1.0" encoding="UTF-8"?>
<!-- Generated by org.testng.reporters.JUnitXMLReporter -->
<testsuite ignored="2" hostname="LAPTOP-GG5LC0BQ" failures="0" tests="2" name="TestCase" time="0.6" errors="0" timestamp="2021-04-21T11:48:26 IST">
  <testcase classname="QualityKioskTraining.StringTesting.TestCase" name="concatWithString" time="0.133"/>
  <testcase classname="QualityKioskTraining.StringTesting.TestCase" name="concatWithString" time="0.008"/>
  <testcase classname="QualityKioskTraining.StringTesting.TestCase" name="concatNumbers" time="0.0">
    <ignored/>
  </testcase> <!-- concatNumbers -->
  <testcase classname="QualityKioskTraining.StringTesting.TestCase" name="concatNullString" time="0.0">
    <ignored/>
  </testcase> <!-- concatNullString -->
</testsuite> <!-- TestCase -->
