<?xml version="1.0" encoding="UTF-8"?>
<!-- Generated by org.testng.reporters.JUnitXMLReporter -->
<testsuite ignored="0" hostname="LAPTOP-GG5LC0BQ" failures="0" tests="4" name="StringConcatenationTestCases" time="1.072" errors="0" timestamp="2021-04-21T11:55:32 IST">
  <testcase classname="QualityKioskTraining.StringTesting.TestCase" name="@BeforeSuite createResultFolder" time="-1.61898633148E9">
    <failure type="org.testng.TestNGException" message="
Parameter &amp;apos;RequestID&amp;apos; is required by BeforeSuite on method createResultFolder but has not been marked @Optional or defined
in C:\Users\Kajal Shele\eclipse-workspace\StringTesting\ConcatStringTestCases.xml">
      <![CDATA[org.testng.TestNGException: 
Parameter 'RequestID' is required by BeforeSuite on method createResultFolder but has not been marked @Optional or defined
in C:\Users\Kajal Shele\eclipse-workspace\StringTesting\ConcatStringTestCases.xml
... Removed 16 stack frames]]>
    </failure>
  </testcase> <!-- @BeforeSuite createResultFolder -->
  <testcase classname="QualityKioskTraining.StringTesting.TestCase" name="@BeforeClass init" time="-1.618986331728E9">
    <skipped/>
  </testcase> <!-- @BeforeClass init -->
  <testcase classname="QualityKioskTraining.StringTesting.TestCase" name="@BeforeMethod reinitialisedResultVar" time="-1.61898633205E9">
    <skipped/>
  </testcase> <!-- @BeforeMethod reinitialisedResultVar -->
  <testcase classname="QualityKioskTraining.StringTesting.TestCase" name="@BeforeMethod reinitialisedResultVar" time="-1.618986332285E9">
    <skipped/>
  </testcase> <!-- @BeforeMethod reinitialisedResultVar -->
  <testcase classname="QualityKioskTraining.StringTesting.TestCase" name="@BeforeMethod reinitialisedResultVar" time="-1.618986332436E9">
    <skipped/>
  </testcase> <!-- @BeforeMethod reinitialisedResultVar -->
  <testcase classname="QualityKioskTraining.StringTesting.TestCase" name="@BeforeMethod reinitialisedResultVar" time="-1.618986332523E9">
    <skipped/>
  </testcase> <!-- @BeforeMethod reinitialisedResultVar -->
  <testcase classname="QualityKioskTraining.StringTesting.TestCase" name="@AfterClass tearDown" time="-1.618986332639E9">
    <skipped/>
  </testcase> <!-- @AfterClass tearDown -->
  <testcase classname="QualityKioskTraining.StringTesting.TestCase" name="concatNullString" time="0.0">
    <skipped/>
  </testcase> <!-- concatNullString -->
  <testcase classname="QualityKioskTraining.StringTesting.TestCase" name="concatWithString" time="0.0">
    <skipped/>
  </testcase> <!-- concatWithString -->
  <testcase classname="QualityKioskTraining.StringTesting.TestCase" name="concatWithString" time="0.0">
    <skipped/>
  </testcase> <!-- concatWithString -->
  <testcase classname="QualityKioskTraining.StringTesting.TestCase" name="concatNumbers" time="0.0">
    <skipped/>
  </testcase> <!-- concatNumbers -->
</testsuite> <!-- StringConcatenationTestCases -->
