<?xml version="1.0" encoding="UTF-8"?>
<testsuite xmlns:xsi="http://www.w3.org/2001/XMLSchema-instance" xsi:noNamespaceSchemaLocation="https://maven.apache.org/surefire/maven-surefire-plugin/xsd/surefire-test-report.xsd" name="TestSuite" time="6.655" tests="4" errors="0" skipped="0" failures="1">
  <properties>
[...]
</properties>
  <testcase name="concatNullString" classname="QualityKioskTraining.StringTesting.TestCase" time="0.036">
    <failure message="expected [Not a String value] but found [null null]" type="java.lang.AssertionError">java.lang.AssertionError: expected [Not a String value] but found [null null]
	at QualityKioskTraining.StringTesting.TestCase.concatNullString(TestCase.java:59)
</failure>
    <system-out><![CDATA[[TestNGContentHandler] [WARN] It is strongly recommended to add "<!DOCTYPE suite SYSTEM "https://testng.org/testng-1.0.dtd" >" at the top of the suite file [C:\Users\Kajal Shele\eclipse-workspace\StringTesting\ConcatStringTestCases.xml] otherwise TestNG may fail or not work as expected.
]]></system-out>
  </testcase>
  <testcase name="concatWithString" classname="QualityKioskTraining.StringTesting.TestCase" time="0"/>
  <testcase name="concatWithString" classname="QualityKioskTraining.StringTesting.TestCase" time="0.001"/>
  <testcase name="concatNumbers" classname="QualityKioskTraining.StringTesting.TestCase" time="0.001"/>
</testsuite>