<?xml version="1.0" encoding="UTF-8"?>
<!-- Generated by org.testng.reporters.JUnitXMLReporter -->
<testsuite ignored="2" hostname="LAPTOP-GG5LC0BQ" failures="2" tests="2" name="TestCase" time="0.636" errors="0" timestamp="2021-04-21T11:39:19 IST">
  <testcase classname="QualityKioskTraining.StringTesting.TestCase" name="concatWithString" time="0.068">
    <failure type="java.lang.NullPointerException" message="Cannot invoke &amp;quot;QualityKioskTraining.StringTesting.ConcatString.concatString(String, String)&amp;quot; because &amp;quot;this.object&amp;quot; is null">
      <![CDATA[java.lang.NullPointerException: Cannot invoke "QualityKioskTraining.StringTesting.ConcatString.concatString(String, String)" because "this.object" is null
at QualityKioskTraining.StringTesting.TestCase.concatWithString(TestCase.java:36)
at java.base/java.util.ArrayList.forEach(ArrayList.java:1511)
... Removed 27 stack frames]]>
    </failure>
  </testcase> <!-- concatWithString -->
  <testcase classname="QualityKioskTraining.StringTesting.TestCase" name="concatWithString" time="0.016">
    <failure type="java.lang.NullPointerException" message="Cannot invoke &amp;quot;QualityKioskTraining.StringTesting.ConcatString.concatString(String, String)&amp;quot; because &amp;quot;this.object&amp;quot; is null">
      <![CDATA[java.lang.NullPointerException: Cannot invoke "QualityKioskTraining.StringTesting.ConcatString.concatString(String, String)" because "this.object" is null
at QualityKioskTraining.StringTesting.TestCase.concatWithString(TestCase.java:36)
at java.base/java.util.ArrayList.forEach(ArrayList.java:1511)
... Removed 27 stack frames]]>
    </failure>
  </testcase> <!-- concatWithString -->
  <testcase classname="QualityKioskTraining.StringTesting.TestCase" name="concatNumbers" time="0.0">
    <ignored/>
  </testcase> <!-- concatNumbers -->
  <testcase classname="QualityKioskTraining.StringTesting.TestCase" name="concatNullString" time="0.0">
    <ignored/>
  </testcase> <!-- concatNullString -->
</testsuite> <!-- TestCase -->
